2018-12-17 16:14:58,534 INFO  org.springframework.web.context.ContextLoader.initWebApplicationContext:270 - Root WebApplicationContext: initialization started
2018-12-17 16:15:00,757 INFO  org.hibernate.jpa.internal.util.LogHelper.logPersistenceUnitInformation:31 - HHH000204: Processing PersistenceUnitInfo [
	name: default
	...]
2018-12-17 16:15:00,954 INFO  org.hibernate.Version.logVersion:46 - HHH000412: Hibernate Core {5.3.7.Final}
2018-12-17 16:15:00,956 INFO  org.hibernate.cfg.Environment.<clinit>:213 - HHH000206: hibernate.properties not found
2018-12-17 16:15:01,271 INFO  org.hibernate.annotations.common.Version.<clinit>:49 - HCANN000001: Hibernate Commons Annotations {5.0.4.Final}
2018-12-17 16:15:02,011 INFO  org.hibernate.dialect.Dialect.<init>:157 - HHH000400: Using dialect: org.hibernate.dialect.PostgreSQL95Dialect
2018-12-17 16:15:02,249 INFO  o.h.engine.jdbc.env.internal.LobCreatorBuilderImpl.useContextualLobCreation:124 - HHH000424: Disabling contextual LOB creation as createClob() method threw error : java.lang.reflect.InvocationTargetException
2018-12-17 16:15:02,263 INFO  org.hibernate.type.BasicTypeRegistry.register:159 - HHH000270: Type registration [java.util.UUID] overrides previous : org.hibernate.type.UUIDBinaryType@48e8c6f9
2018-12-17 16:15:02,894 INFO  org.hibernate.validator.internal.util.Version.<clinit>:21 - HV000001: Hibernate Validator 6.0.13.Final
2018-12-17 16:15:04,163 INFO  o.h.hql.internal.QueryTranslatorFactoryInitiator.initiateService:47 - HHH000397: Using ASTQueryTranslatorFactory
2018-12-17 16:15:04,353 INFO  o.s.orm.jpa.LocalContainerEntityManagerFactoryBean.buildNativeEntityManagerFactory:415 - Initialized JPA EntityManagerFactory for persistence unit 'default'
2018-12-17 16:15:04,861 INFO  org.springframework.web.context.ContextLoader.initWebApplicationContext:306 - Root WebApplicationContext initialized in 6321 ms
2018-12-17 16:30:05,461 INFO  org.springframework.web.context.ContextLoader.initWebApplicationContext:270 - Root WebApplicationContext: initialization started
2018-12-17 16:30:07,490 INFO  org.hibernate.jpa.internal.util.LogHelper.logPersistenceUnitInformation:31 - HHH000204: Processing PersistenceUnitInfo [
	name: default
	...]
2018-12-17 16:30:07,698 INFO  org.hibernate.Version.logVersion:46 - HHH000412: Hibernate Core {5.3.7.Final}
2018-12-17 16:30:07,700 INFO  org.hibernate.cfg.Environment.<clinit>:213 - HHH000206: hibernate.properties not found
2018-12-17 16:30:08,011 INFO  org.hibernate.annotations.common.Version.<clinit>:49 - HCANN000001: Hibernate Commons Annotations {5.0.4.Final}
2018-12-17 16:30:08,622 INFO  org.hibernate.dialect.Dialect.<init>:157 - HHH000400: Using dialect: org.hibernate.dialect.PostgreSQL95Dialect
2018-12-17 16:30:08,853 INFO  o.h.engine.jdbc.env.internal.LobCreatorBuilderImpl.useContextualLobCreation:124 - HHH000424: Disabling contextual LOB creation as createClob() method threw error : java.lang.reflect.InvocationTargetException
2018-12-17 16:30:08,868 INFO  org.hibernate.type.BasicTypeRegistry.register:159 - HHH000270: Type registration [java.util.UUID] overrides previous : org.hibernate.type.UUIDBinaryType@3fe95cfa
2018-12-17 16:30:09,494 INFO  org.hibernate.validator.internal.util.Version.<clinit>:21 - HV000001: Hibernate Validator 6.0.13.Final
2018-12-17 16:30:10,720 INFO  o.h.hql.internal.QueryTranslatorFactoryInitiator.initiateService:47 - HHH000397: Using ASTQueryTranslatorFactory
2018-12-17 16:30:10,889 INFO  o.s.orm.jpa.LocalContainerEntityManagerFactoryBean.buildNativeEntityManagerFactory:415 - Initialized JPA EntityManagerFactory for persistence unit 'default'
2018-12-17 16:30:11,421 INFO  org.springframework.web.context.ContextLoader.initWebApplicationContext:306 - Root WebApplicationContext initialized in 5955 ms
2018-12-17 16:33:31,459 INFO  org.springframework.web.context.ContextLoader.initWebApplicationContext:270 - Root WebApplicationContext: initialization started
2018-12-17 16:33:34,143 INFO  org.hibernate.jpa.internal.util.LogHelper.logPersistenceUnitInformation:31 - HHH000204: Processing PersistenceUnitInfo [
	name: default
	...]
2018-12-17 16:33:34,375 INFO  org.hibernate.Version.logVersion:46 - HHH000412: Hibernate Core {5.3.7.Final}
2018-12-17 16:33:34,379 INFO  org.hibernate.cfg.Environment.<clinit>:213 - HHH000206: hibernate.properties not found
2018-12-17 16:33:34,749 INFO  org.hibernate.annotations.common.Version.<clinit>:49 - HCANN000001: Hibernate Commons Annotations {5.0.4.Final}
2018-12-17 16:33:35,397 INFO  org.hibernate.dialect.Dialect.<init>:157 - HHH000400: Using dialect: org.hibernate.dialect.PostgreSQL95Dialect
2018-12-17 16:33:35,710 INFO  o.h.engine.jdbc.env.internal.LobCreatorBuilderImpl.useContextualLobCreation:124 - HHH000424: Disabling contextual LOB creation as createClob() method threw error : java.lang.reflect.InvocationTargetException
2018-12-17 16:33:35,724 INFO  org.hibernate.type.BasicTypeRegistry.register:159 - HHH000270: Type registration [java.util.UUID] overrides previous : org.hibernate.type.UUIDBinaryType@3681081f
2018-12-17 16:33:36,379 INFO  org.hibernate.validator.internal.util.Version.<clinit>:21 - HV000001: Hibernate Validator 6.0.13.Final
2018-12-17 16:33:37,803 INFO  o.h.hql.internal.QueryTranslatorFactoryInitiator.initiateService:47 - HHH000397: Using ASTQueryTranslatorFactory
2018-12-17 16:33:38,017 INFO  o.s.orm.jpa.LocalContainerEntityManagerFactoryBean.buildNativeEntityManagerFactory:415 - Initialized JPA EntityManagerFactory for persistence unit 'default'
2018-12-17 16:33:51,655 INFO  org.springframework.web.context.ContextLoader.initWebApplicationContext:270 - Root WebApplicationContext: initialization started
2018-12-17 16:33:54,207 INFO  org.hibernate.jpa.internal.util.LogHelper.logPersistenceUnitInformation:31 - HHH000204: Processing PersistenceUnitInfo [
	name: default
	...]
2018-12-17 16:33:54,453 INFO  org.hibernate.Version.logVersion:46 - HHH000412: Hibernate Core {5.3.7.Final}
2018-12-17 16:33:54,457 INFO  org.hibernate.cfg.Environment.<clinit>:213 - HHH000206: hibernate.properties not found
2018-12-17 16:33:54,806 INFO  org.hibernate.annotations.common.Version.<clinit>:49 - HCANN000001: Hibernate Commons Annotations {5.0.4.Final}
2018-12-17 16:33:55,432 INFO  org.hibernate.dialect.Dialect.<init>:157 - HHH000400: Using dialect: org.hibernate.dialect.PostgreSQL95Dialect
2018-12-17 16:33:55,727 INFO  o.h.engine.jdbc.env.internal.LobCreatorBuilderImpl.useContextualLobCreation:124 - HHH000424: Disabling contextual LOB creation as createClob() method threw error : java.lang.reflect.InvocationTargetException
2018-12-17 16:33:55,741 INFO  org.hibernate.type.BasicTypeRegistry.register:159 - HHH000270: Type registration [java.util.UUID] overrides previous : org.hibernate.type.UUIDBinaryType@11bf637b
2018-12-17 16:33:56,439 INFO  org.hibernate.validator.internal.util.Version.<clinit>:21 - HV000001: Hibernate Validator 6.0.13.Final
2018-12-17 16:33:57,885 INFO  o.h.hql.internal.QueryTranslatorFactoryInitiator.initiateService:47 - HHH000397: Using ASTQueryTranslatorFactory
2018-12-17 16:33:58,091 INFO  o.s.orm.jpa.LocalContainerEntityManagerFactoryBean.buildNativeEntityManagerFactory:415 - Initialized JPA EntityManagerFactory for persistence unit 'default'
2018-12-17 16:33:58,625 INFO  org.springframework.web.context.ContextLoader.initWebApplicationContext:306 - Root WebApplicationContext initialized in 6962 ms
2018-12-17 16:34:16,319 INFO  org.springframework.web.context.ContextLoader.initWebApplicationContext:270 - Root WebApplicationContext: initialization started
2018-12-17 16:34:18,656 INFO  org.hibernate.jpa.internal.util.LogHelper.logPersistenceUnitInformation:31 - HHH000204: Processing PersistenceUnitInfo [
	name: default
	...]
2018-12-17 16:34:18,855 INFO  org.hibernate.Version.logVersion:46 - HHH000412: Hibernate Core {5.3.7.Final}
2018-12-17 16:34:18,857 INFO  org.hibernate.cfg.Environment.<clinit>:213 - HHH000206: hibernate.properties not found
2018-12-17 16:34:19,333 INFO  org.hibernate.annotations.common.Version.<clinit>:49 - HCANN000001: Hibernate Commons Annotations {5.0.4.Final}
2018-12-17 16:34:19,903 INFO  org.hibernate.dialect.Dialect.<init>:157 - HHH000400: Using dialect: org.hibernate.dialect.PostgreSQL95Dialect
2018-12-17 16:34:20,129 INFO  o.h.engine.jdbc.env.internal.LobCreatorBuilderImpl.useContextualLobCreation:124 - HHH000424: Disabling contextual LOB creation as createClob() method threw error : java.lang.reflect.InvocationTargetException
2018-12-17 16:34:20,141 INFO  org.hibernate.type.BasicTypeRegistry.register:159 - HHH000270: Type registration [java.util.UUID] overrides previous : org.hibernate.type.UUIDBinaryType@34d7446c
2018-12-17 16:34:20,781 INFO  org.hibernate.validator.internal.util.Version.<clinit>:21 - HV000001: Hibernate Validator 6.0.13.Final
2018-12-17 16:34:22,072 INFO  o.h.hql.internal.QueryTranslatorFactoryInitiator.initiateService:47 - HHH000397: Using ASTQueryTranslatorFactory
2018-12-17 16:34:22,240 INFO  o.s.orm.jpa.LocalContainerEntityManagerFactoryBean.buildNativeEntityManagerFactory:415 - Initialized JPA EntityManagerFactory for persistence unit 'default'
2018-12-17 16:34:23,056 INFO  o.s.security.web.DefaultSecurityFilterChain.<init>:28 - Creating filter chain: org.springframework.security.web.util.matcher.AnyRequestMatcher@1, [org.springframework.security.web.context.request.async.WebAsyncManagerIntegrationFilter@181f2450, org.springframework.security.web.context.SecurityContextPersistenceFilter@3dda5e5a, org.springframework.security.web.header.HeaderWriterFilter@2d6ed7b7, org.springframework.security.web.authentication.logout.LogoutFilter@24c31fb8, org.springframework.security.web.authentication.UsernamePasswordAuthenticationFilter@5124a78e, org.springframework.security.web.savedrequest.RequestCacheAwareFilter@7489cc5b, org.springframework.security.web.servletapi.SecurityContextHolderAwareRequestFilter@60f019ab, org.springframework.security.web.authentication.AnonymousAuthenticationFilter@59ebb400, org.springframework.security.web.session.SessionManagementFilter@57065f42, org.springframework.security.web.access.ExceptionTranslationFilter@3016d50d, org.springframework.security.web.access.intercept.FilterSecurityInterceptor@6bd51231]
2018-12-17 16:34:23,092 INFO  org.springframework.web.context.ContextLoader.initWebApplicationContext:306 - Root WebApplicationContext initialized in 6767 ms
2018-12-17 16:34:23,144 INFO  org.springframework.web.servlet.DispatcherServlet.initServletBean:521 - Initializing Servlet 'mvc-dispatcher'
2018-12-17 16:34:24,543 INFO  o.s.security.web.DefaultSecurityFilterChain.<init>:28 - Creating filter chain: org.springframework.security.web.util.matcher.AnyRequestMatcher@1, [org.springframework.security.web.context.request.async.WebAsyncManagerIntegrationFilter@2892cc05, org.springframework.security.web.context.SecurityContextPersistenceFilter@418e39dc, org.springframework.security.web.header.HeaderWriterFilter@4252145f, org.springframework.security.web.authentication.logout.LogoutFilter@4e6d1897, org.springframework.security.web.authentication.UsernamePasswordAuthenticationFilter@67bfa963, org.springframework.security.web.savedrequest.RequestCacheAwareFilter@2ddbf200, org.springframework.security.web.servletapi.SecurityContextHolderAwareRequestFilter@7f79fb08, org.springframework.security.web.authentication.AnonymousAuthenticationFilter@4c26dbd0, org.springframework.security.web.session.SessionManagementFilter@75a891a9, org.springframework.security.web.access.ExceptionTranslationFilter@2adc297, org.springframework.security.web.access.intercept.FilterSecurityInterceptor@18971228]
2018-12-17 16:34:24,565 INFO  org.springframework.web.servlet.DispatcherServlet.initServletBean:543 - Completed initialization in 1419 ms
2018-12-17 16:34:43,951 INFO  org.springframework.web.context.ContextLoader.initWebApplicationContext:270 - Root WebApplicationContext: initialization started
2018-12-17 16:34:46,910 INFO  org.hibernate.jpa.internal.util.LogHelper.logPersistenceUnitInformation:31 - HHH000204: Processing PersistenceUnitInfo [
	name: default
	...]
2018-12-17 16:34:47,250 INFO  org.hibernate.Version.logVersion:46 - HHH000412: Hibernate Core {5.3.7.Final}
2018-12-17 16:34:47,252 INFO  org.hibernate.cfg.Environment.<clinit>:213 - HHH000206: hibernate.properties not found
2018-12-17 16:34:47,558 INFO  org.hibernate.annotations.common.Version.<clinit>:49 - HCANN000001: Hibernate Commons Annotations {5.0.4.Final}
2018-12-17 16:34:48,126 INFO  org.hibernate.dialect.Dialect.<init>:157 - HHH000400: Using dialect: org.hibernate.dialect.PostgreSQL95Dialect
2018-12-17 16:34:48,348 INFO  o.h.engine.jdbc.env.internal.LobCreatorBuilderImpl.useContextualLobCreation:124 - HHH000424: Disabling contextual LOB creation as createClob() method threw error : java.lang.reflect.InvocationTargetException
2018-12-17 16:34:48,364 INFO  org.hibernate.type.BasicTypeRegistry.register:159 - HHH000270: Type registration [java.util.UUID] overrides previous : org.hibernate.type.UUIDBinaryType@4f17545d
2018-12-17 16:34:49,005 INFO  org.hibernate.validator.internal.util.Version.<clinit>:21 - HV000001: Hibernate Validator 6.0.13.Final
2018-12-17 16:34:50,373 INFO  o.h.hql.internal.QueryTranslatorFactoryInitiator.initiateService:47 - HHH000397: Using ASTQueryTranslatorFactory
2018-12-17 16:34:50,545 INFO  o.s.orm.jpa.LocalContainerEntityManagerFactoryBean.buildNativeEntityManagerFactory:415 - Initialized JPA EntityManagerFactory for persistence unit 'default'
2018-12-17 16:34:51,308 INFO  o.s.security.web.DefaultSecurityFilterChain.<init>:28 - Creating filter chain: org.springframework.security.web.util.matcher.AnyRequestMatcher@1, [org.springframework.security.web.context.request.async.WebAsyncManagerIntegrationFilter@1d221da7, org.springframework.security.web.context.SecurityContextPersistenceFilter@6348ffa0, org.springframework.security.web.header.HeaderWriterFilter@2d0d088c, org.springframework.security.web.authentication.logout.LogoutFilter@13f8d06c, org.springframework.security.web.authentication.UsernamePasswordAuthenticationFilter@4456956b, org.springframework.security.web.savedrequest.RequestCacheAwareFilter@47f05a4b, org.springframework.security.web.servletapi.SecurityContextHolderAwareRequestFilter@2deb9927, org.springframework.security.web.authentication.AnonymousAuthenticationFilter@541517e9, org.springframework.security.web.session.SessionManagementFilter@ed455f, org.springframework.security.web.access.ExceptionTranslationFilter@1358cf5c, org.springframework.security.web.access.intercept.FilterSecurityInterceptor@68464686]
2018-12-17 16:34:51,340 INFO  org.springframework.web.context.ContextLoader.initWebApplicationContext:306 - Root WebApplicationContext initialized in 7381 ms
2018-12-17 16:34:51,389 INFO  org.springframework.web.servlet.DispatcherServlet.initServletBean:521 - Initializing Servlet 'mvc-dispatcher'
2018-12-17 16:34:52,492 INFO  org.springframework.web.servlet.DispatcherServlet.initServletBean:543 - Completed initialization in 1103 ms
